# JRE version: Java(TM) SE Runtime Environment (21.0.4+8) (build 21.0.4+8-LTS-274)
# Java VM: Java HotSpot(TM) 64-Bit Server VM (21.0.4+8-LTS-274, mixed mode, emulated-client, sharing, tiered, compressed oops, compressed class ptrs, g1 gc, windows-amd64)
GC Precious Log:
 CardTable entry size: 512
 Card Set container configuration: InlinePtr #cards 4 size 8 Array Of Cards #cards 16 size 48 Howl #buckets 8 coarsen threshold 3686 Howl Bitmap #cards 512 size 80 coarsen threshold 460 Card regions per heap region 1 cards per card region 4096
 CPUs: 12 total, 12 available
 Memory: 16214M
 Large Page Support: Disabled
 NUMA Support: Disabled
 Compressed Oops: Enabled (Zero based)
 Heap Region Size: 2M
 Heap Min Capacity: 8M
 Heap Initial Capacity: 254M
 Heap Max Capacity: 4054M
 Pre-touch: Disabled
 Parallel Workers: 10
 Concurrent Workers: 3
 Concurrent Refinement Workers: 10
 Periodic GC: Disabled
Heap:
 garbage-first heap   total 55296K, used 34411K [0x0000000702a00000, 0x0000000800000000)
  region size 2048K, 9 young (18432K), 2 survivors (4096K)
 Metaspace       used 43306K, committed 43904K, reserved 1114112K
  class space    used 5494K, committed 5760K, reserved 1048576K
GC Heap History (20 events):
Event: 0.311 GC heap before
{Heap before GC invocations=0 (full 0):
 garbage-first heap   total 260096K, used 22528K [0x0000000702a00000, 0x0000000800000000)
  region size 2048K, 11 young (22528K), 0 survivors (0K)
 Metaspace       used 7292K, committed 7552K, reserved 1114112K
  class space    used 874K, committed 960K, reserved 1048576K
}
Event: 0.315 GC heap after
{Heap after GC invocations=1 (full 0):
 garbage-first heap   total 260096K, used 6330K [0x0000000702a00000, 0x0000000800000000)
  region size 2048K, 2 young (4096K), 2 survivors (4096K)
 Metaspace       used 7292K, committed 7552K, reserved 1114112K
  class space    used 874K, committed 960K, reserved 1048576K
}
Event: 0.555 GC heap before
{Heap before GC invocations=1 (full 0):
 garbage-first heap   total 260096K, used 30906K [0x0000000702a00000, 0x0000000800000000)
  region size 2048K, 15 young (30720K), 2 survivors (4096K)
 Metaspace       used 14370K, committed 14656K, reserved 1114112K
  class space    used 1879K, committed 1984K, reserved 1048576K
}
Event: 0.558 GC heap after
{Heap after GC invocations=2 (full 0):
 garbage-first heap   total 260096K, used 8311K [0x0000000702a00000, 0x0000000800000000)
  region size 2048K, 1 young (2048K), 1 survivors (2048K)
 Metaspace       used 14370K, committed 14656K, reserved 1114112K
  class space    used 1879K, committed 1984K, reserved 1048576K
}
Event: 0.751 GC heap before
{Heap before GC invocations=2 (full 0):
 garbage-first heap   total 260096K, used 36983K [0x0000000702a00000, 0x0000000800000000)
  region size 2048K, 17 young (34816K), 1 survivors (2048K)
 Metaspace       used 19586K, committed 19968K, reserved 1114112K
  class space    used 2587K, committed 2752K, reserved 1048576K
}
Event: 0.753 GC heap after
{Heap after GC invocations=3 (full 0):
 garbage-first heap   total 260096K, used 10877K [0x0000000702a00000, 0x0000000800000000)
  region size 2048K, 3 young (6144K), 3 survivors (6144K)
 Metaspace       used 19586K, committed 19968K, reserved 1114112K
  class space    used 2587K, committed 2752K, reserved 1048576K
}
Event: 0.973 GC heap before
{Heap before GC invocations=4 (full 0):
 garbage-first heap   total 55296K, used 37501K [0x0000000702a00000, 0x0000000800000000)
  region size 2048K, 16 young (32768K), 3 survivors (6144K)
 Metaspace       used 23575K, committed 24000K, reserved 1114112K
  class space    used 3164K, committed 3328K, reserved 1048576K
}
Event: 0.977 GC heap after
{Heap after GC invocations=5 (full 0):
 garbage-first heap   total 55296K, used 12696K [0x0000000702a00000, 0x0000000800000000)
  region size 2048K, 2 young (4096K), 2 survivors (4096K)
 Metaspace       used 23575K, committed 24000K, reserved 1114112K
  class space    used 3164K, committed 3328K, reserved 1048576K
}
Event: 1.176 GC heap before
{Heap before GC invocations=5 (full 0):
 garbage-first heap   total 55296K, used 39320K [0x0000000702a00000, 0x0000000800000000)
  region size 2048K, 15 young (30720K), 2 survivors (4096K)
 Metaspace       used 27772K, committed 28224K, reserved 1114112K
  class space    used 3732K, committed 3968K, reserved 1048576K
}
Event: 1.178 GC heap after
{Heap after GC invocations=6 (full 0):
 garbage-first heap   total 55296K, used 14945K [0x0000000702a00000, 0x0000000800000000)
  region size 2048K, 2 young (4096K), 2 survivors (4096K)
 Metaspace       used 27772K, committed 28224K, reserved 1114112K
  class space    used 3732K, committed 3968K, reserved 1048576K
}
Event: 1.346 GC heap before
{Heap before GC invocations=6 (full 0):
 garbage-first heap   total 55296K, used 41569K [0x0000000702a00000, 0x0000000800000000)
  region size 2048K, 15 young (30720K), 2 survivors (4096K)
 Metaspace       used 32472K, committed 32960K, reserved 1114112K
  class space    used 4338K, committed 4544K, reserved 1048576K
}
Event: 1.348 GC heap after
{Heap after GC invocations=7 (full 0):
 garbage-first heap   total 55296K, used 17048K [0x0000000702a00000, 0x0000000800000000)
  region size 2048K, 2 young (4096K), 2 survivors (4096K)
 Metaspace       used 32472K, committed 32960K, reserved 1114112K
  class space    used 4338K, committed 4544K, reserved 1048576K
}
Event: 1.371 GC heap before
{Heap before GC invocations=7 (full 0):
 garbage-first heap   total 55296K, used 19096K [0x0000000702a00000, 0x0000000800000000)
  region size 2048K, 4 young (8192K), 2 survivors (4096K)
 Metaspace       used 32813K, committed 33280K, reserved 1114112K
  class space    used 4377K, committed 4608K, reserved 1048576K
}
Event: 1.372 GC heap after
{Heap after GC invocations=8 (full 0):
 garbage-first heap   total 55296K, used 17317K [0x0000000702a00000, 0x0000000800000000)
  region size 2048K, 2 young (4096K), 2 survivors (4096K)
 Metaspace       used 32813K, committed 33280K, reserved 1114112K
  class space    used 4377K, committed 4608K, reserved 1048576K
}
Event: 8.278 GC heap before
{Heap before GC invocations=9 (full 0):
 garbage-first heap   total 55296K, used 41893K [0x0000000702a00000, 0x0000000800000000)
  region size 2048K, 14 young (28672K), 2 survivors (4096K)
 Metaspace       used 37958K, committed 38400K, reserved 1114112K
  class space    used 5005K, committed 5184K, reserved 1048576K
}
Event: 8.280 GC heap after
{Heap after GC invocations=10 (full 0):
 garbage-first heap   total 55296K, used 20064K [0x0000000702a00000, 0x0000000800000000)
  region size 2048K, 2 young (4096K), 2 survivors (4096K)
 Metaspace       used 37958K, committed 38400K, reserved 1114112K
  class space    used 5005K, committed 5184K, reserved 1048576K
}
Event: 127.544 GC heap before
{Heap before GC invocations=10 (full 0):
 garbage-first heap   total 55296K, used 40544K [0x0000000702a00000, 0x0000000800000000)
  region size 2048K, 13 young (26624K), 2 survivors (4096K)
 Metaspace       used 43304K, committed 43904K, reserved 1114112K
  class space    used 5494K, committed 5760K, reserved 1048576K
}
Event: 127.547 GC heap after
{Heap after GC invocations=11 (full 0):
 garbage-first heap   total 55296K, used 22373K [0x0000000702a00000, 0x0000000800000000)
  region size 2048K, 2 young (4096K), 2 survivors (4096K)
 Metaspace       used 43304K, committed 43904K, reserved 1114112K
  class space    used 5494K, committed 5760K, reserved 1048576K
}
Event: 1025.877 GC heap before
{Heap before GC invocations=11 (full 0):
 garbage-first heap   total 55296K, used 44901K [0x0000000702a00000, 0x0000000800000000)
  region size 2048K, 13 young (26624K), 2 survivors (4096K)
 Metaspace       used 43306K, committed 43904K, reserved 1114112K
  class space    used 5494K, committed 5760K, reserved 1048576K
}
Event: 1025.878 GC heap after
{Heap after GC invocations=12 (full 0):
 garbage-first heap   total 55296K, used 22123K [0x0000000702a00000, 0x0000000800000000)
  region size 2048K, 2 young (4096K), 2 survivors (4096K)
 Metaspace       used 43306K, committed 43904K, reserved 1114112K
  class space    used 5494K, committed 5760K, reserved 1048576K
}

